# JRE version: OpenJDK Runtime Environment (8.0_242-b01) (build 1.8.0_242-release-1644-b01)
# Java VM: OpenJDK 64-Bit Server VM (25.242-b01 mixed mode windows-amd64 compressed oops)
Heap:
 PSYoungGen      total 204800K, used 6988K [0x00000000d5580000, 0x00000000e3f80000, 0x0000000100000000)
  eden space 187392K, 3% used [0x00000000d5580000,0x00000000d5c53350,0x00000000e0c80000)
  from space 17408K, 0% used [0x00000000e1d00000,0x00000000e1d00000,0x00000000e2e00000)
  to   space 16896K, 0% used [0x00000000e0c80000,0x00000000e0c80000,0x00000000e1d00000)
 ParOldGen       total 81408K, used 36509K [0x0000000080000000, 0x0000000084f80000, 0x00000000d5580000)
  object space 81408K, 44% used [0x0000000080000000,0x00000000823a77e0,0x0000000084f80000)
 Metaspace       used 56769K, capacity 59036K, committed 59224K, reserved 1099776K
  class space    used 7763K, capacity 8220K, committed 8320K, reserved 1048576K
GC Heap History (10 events):
Event: 8.998 GC heap before
{Heap before GC invocations=11 (full 2):
 PSYoungGen      total 123392K, used 7902K [0x00000000d5580000, 0x00000000e0c80000, 0x0000000100000000)
  eden space 111616K, 0% used [0x00000000d5580000,0x00000000d5580000,0x00000000dc280000)
  from space 11776K, 67% used [0x00000000dc280000,0x00000000dca37a38,0x00000000dce00000)
  to   space 11776K, 0% used [0x00000000e0100000,0x00000000e0100000,0x00000000e0c80000)
 ParOldGen       total 55808K, used 8959K [0x0000000080000000, 0x0000000083680000, 0x00000000d5580000)
  object space 55808K, 16% used [0x0000000080000000,0x00000000808bfc30,0x0000000083680000)
 Metaspace       used 34222K, capacity 35364K, committed 35416K, reserved 1079296K
  class space    used 4707K, capacity 4969K, committed 4992K, reserved 1048576K
Event: 9.079 GC heap after
Heap after GC invocations=11 (full 2):
 PSYoungGen      total 123392K, used 0K [0x00000000d5580000, 0x00000000e0c80000, 0x0000000100000000)
  eden space 111616K, 0% used [0x00000000d5580000,0x00000000d5580000,0x00000000dc280000)
  from space 11776K, 0% used [0x00000000dc280000,0x00000000dc280000,0x00000000dce00000)
  to   space 11776K, 0% used [0x00000000e0100000,0x00000000e0100000,0x00000000e0c80000)
 ParOldGen       total 81408K, used 14347K [0x0000000080000000, 0x0000000084f80000, 0x00000000d5580000)
  object space 81408K, 17% used [0x0000000080000000,0x0000000080e02df8,0x0000000084f80000)
 Metaspace       used 34222K, capacity 35364K, committed 35416K, reserved 1079296K
  class space    used 4707K, capacity 4969K, committed 4992K, reserved 1048576K
}
Event: 10.439 GC heap before
{Heap before GC invocations=12 (full 2):
 PSYoungGen      total 123392K, used 111603K [0x00000000d5580000, 0x00000000e0c80000, 0x0000000100000000)
  eden space 111616K, 99% used [0x00000000d5580000,0x00000000dc27ce58,0x00000000dc280000)
  from space 11776K, 0% used [0x00000000dc280000,0x00000000dc280000,0x00000000dce00000)
  to   space 11776K, 0% used [0x00000000e0100000,0x00000000e0100000,0x00000000e0c80000)
 ParOldGen       total 81408K, used 14347K [0x0000000080000000, 0x0000000084f80000, 0x00000000d5580000)
  object space 81408K, 17% used [0x0000000080000000,0x0000000080e02df8,0x0000000084f80000)
 Metaspace       used 38282K, capacity 39904K, committed 40152K, reserved 1083392K
  class space    used 5267K, capacity 5608K, committed 5632K, reserved 1048576K
Event: 10.451 GC heap after
Heap after GC invocations=12 (full 2):
 PSYoungGen      total 154112K, used 9044K [0x00000000d5580000, 0x00000000e0a00000, 0x0000000100000000)
  eden space 144896K, 0% used [0x00000000d5580000,0x00000000d5580000,0x00000000de300000)
  from space 9216K, 98% used [0x00000000e0100000,0x00000000e09d52d8,0x00000000e0a00000)
  to   space 12288K, 0% used [0x00000000df200000,0x00000000df200000,0x00000000dfe00000)
 ParOldGen       total 81408K, used 14355K [0x0000000080000000, 0x0000000084f80000, 0x00000000d5580000)
  object space 81408K, 17% used [0x0000000080000000,0x0000000080e04df8,0x0000000084f80000)
 Metaspace       used 38282K, capacity 39904K, committed 40152K, reserved 1083392K
  class space    used 5267K, capacity 5608K, committed 5632K, reserved 1048576K
}
Event: 12.866 GC heap before
{Heap before GC invocations=13 (full 2):
 PSYoungGen      total 154112K, used 153940K [0x00000000d5580000, 0x00000000e0a00000, 0x0000000100000000)
  eden space 144896K, 100% used [0x00000000d5580000,0x00000000de300000,0x00000000de300000)
  from space 9216K, 98% used [0x00000000e0100000,0x00000000e09d52d8,0x00000000e0a00000)
  to   space 12288K, 0% used [0x00000000df200000,0x00000000df200000,0x00000000dfe00000)
 ParOldGen       total 81408K, used 14355K [0x0000000080000000, 0x0000000084f80000, 0x00000000d5580000)
  object space 81408K, 17% used [0x0000000080000000,0x0000000080e04df8,0x0000000084f80000)
 Metaspace       used 51042K, capacity 53108K, committed 53336K, reserved 1095680K
  class space    used 6830K, capacity 7249K, committed 7296K, reserved 1048576K
Event: 12.904 GC heap after
Heap after GC invocations=13 (full 2):
 PSYoungGen      total 172544K, used 12268K [0x00000000d5580000, 0x00000000e2e00000, 0x0000000100000000)
  eden space 160256K, 0% used [0x00000000d5580000,0x00000000d5580000,0x00000000df200000)
  from space 12288K, 99% used [0x00000000df200000,0x00000000dfdfb310,0x00000000dfe00000)
  to   space 17408K, 0% used [0x00000000e1d00000,0x00000000e1d00000,0x00000000e2e00000)
 ParOldGen       total 81408K, used 24799K [0x0000000080000000, 0x0000000084f80000, 0x00000000d5580000)
  object space 81408K, 30% used [0x0000000080000000,0x0000000081837f10,0x0000000084f80000)
 Metaspace       used 51042K, capacity 53108K, committed 53336K, reserved 1095680K
  class space    used 6830K, capacity 7249K, committed 7296K, reserved 1048576K
}
Event: 15.760 GC heap before
{Heap before GC invocations=14 (full 2):
 PSYoungGen      total 172544K, used 99055K [0x00000000d5580000, 0x00000000e2e00000, 0x0000000100000000)
  eden space 160256K, 54% used [0x00000000d5580000,0x00000000daa40cb0,0x00000000df200000)
  from space 12288K, 99% used [0x00000000df200000,0x00000000dfdfb310,0x00000000dfe00000)
  to   space 17408K, 0% used [0x00000000e1d00000,0x00000000e1d00000,0x00000000e2e00000)
 ParOldGen       total 81408K, used 24799K [0x0000000080000000, 0x0000000084f80000, 0x00000000d5580000)
  object space 81408K, 30% used [0x0000000080000000,0x0000000081837f10,0x0000000084f80000)
 Metaspace       used 56496K, capacity 58830K, committed 58968K, reserved 1099776K
  class space    used 7713K, capacity 8217K, committed 8320K, reserved 1048576K
Event: 15.806 GC heap after
Heap after GC invocations=14 (full 2):
 PSYoungGen      total 204800K, used 10108K [0x00000000d5580000, 0x00000000e3f80000, 0x0000000100000000)
  eden space 187392K, 0% used [0x00000000d5580000,0x00000000d5580000,0x00000000e0c80000)
  from space 17408K, 58% used [0x00000000e1d00000,0x00000000e26df300,0x00000000e2e00000)
  to   space 16896K, 0% used [0x00000000e0c80000,0x00000000e0c80000,0x00000000e1d00000)
 ParOldGen       total 81408K, used 36995K [0x0000000080000000, 0x0000000084f80000, 0x00000000d5580000)
  object space 81408K, 45% used [0x0000000080000000,0x0000000082420dc0,0x0000000084f80000)
 Metaspace       used 56496K, capacity 58830K, committed 58968K, reserved 1099776K
  class space    used 7713K, capacity 8217K, committed 8320K, reserved 1048576K
}
Event: 15.807 GC heap before
{Heap before GC invocations=15 (full 3):
 PSYoungGen      total 204800K, used 10108K [0x00000000d5580000, 0x00000000e3f80000, 0x0000000100000000)
  eden space 187392K, 0% used [0x00000000d5580000,0x00000000d5580000,0x00000000e0c80000)
  from space 17408K, 58% used [0x00000000e1d00000,0x00000000e26df300,0x00000000e2e00000)
  to   space 16896K, 0% used [0x00000000e0c80000,0x00000000e0c80000,0x00000000e1d00000)
 ParOldGen       total 81408K, used 36995K [0x0000000080000000, 0x0000000084f80000, 0x00000000d5580000)
  object space 81408K, 45% used [0x0000000080000000,0x0000000082420dc0,0x0000000084f80000)
 Metaspace       used 56496K, capacity 58830K, committed 58968K, reserved 1099776K
  class space    used 7713K, capacity 8217K, committed 8320K, reserved 1048576K
Event: 16.146 GC heap after
Heap after GC invocations=15 (full 3):
 PSYoungGen      total 204800K, used 0K [0x00000000d5580000, 0x00000000e3f80000, 0x0000000100000000)
  eden space 187392K, 0% used [0x00000000d5580000,0x00000000d5580000,0x00000000e0c80000)
  from space 17408K, 0% used [0x00000000e1d00000,0x00000000e1d00000,0x00000000e2e00000)
  to   space 16896K, 0% used [0x00000000e0c80000,0x00000000e0c80000,0x00000000e1d00000)
 ParOldGen       total 81408K, used 36509K [0x0000000080000000, 0x0000000084f80000, 0x00000000d5580000)
  object space 81408K, 44% used [0x0000000080000000,0x00000000823a77e0,0x0000000084f80000)
 Metaspace       used 56478K, capacity 58770K, committed 58968K, reserved 1099776K
  class space    used 7707K, capacity 8207K, committed 8320K, reserved 1048576K
}

