# JRE version: OpenJDK Runtime Environment (8.0_242-b01) (build 1.8.0_242-release-1644-b01)
# Java VM: OpenJDK 64-Bit Server VM (25.242-b01 mixed mode windows-amd64 compressed oops)
Heap:
 PSYoungGen      total 189952K, used 152701K [0x00000000d5580000, 0x00000000e2480000, 0x0000000100000000)
  eden space 172032K, 88% used [0x00000000d5580000,0x00000000dea9f778,0x00000000dfd80000)
  from space 17920K, 0% used [0x00000000e0f00000,0x00000000e0f00000,0x00000000e2080000)
  to   space 17920K, 0% used [0x00000000dfd80000,0x00000000dfd80000,0x00000000e0f00000)
 ParOldGen       total 67072K, used 32970K [0x0000000080000000, 0x0000000084180000, 0x00000000d5580000)
  object space 67072K, 49% used [0x0000000080000000,0x0000000082032998,0x0000000084180000)
 Metaspace       used 67235K, capacity 70170K, committed 70296K, reserved 1110016K
  class space    used 9247K, capacity 9795K, committed 9904K, reserved 1048576K
GC Heap History (10 events):
Event: 12.031 GC heap before
{Heap before GC invocations=13 (full 2):
 PSYoungGen      total 108544K, used 96768K [0x00000000d5580000, 0x00000000dcc00000, 0x0000000100000000)
  eden space 96768K, 100% used [0x00000000d5580000,0x00000000db400000,0x00000000db400000)
  from space 11776K, 0% used [0x00000000dc000000,0x00000000dc000000,0x00000000dcb80000)
  to   space 12288K, 0% used [0x00000000db400000,0x00000000db400000,0x00000000dc000000)
 ParOldGen       total 67072K, used 15626K [0x0000000080000000, 0x0000000084180000, 0x00000000d5580000)
  object space 67072K, 23% used [0x0000000080000000,0x0000000080f42968,0x0000000084180000)
 Metaspace       used 37280K, capacity 38866K, committed 39080K, reserved 1083392K
  class space    used 5132K, capacity 5473K, committed 5552K, reserved 1048576K
Event: 12.044 GC heap after
Heap after GC invocations=13 (full 2):
 PSYoungGen      total 109056K, used 7682K [0x00000000d5580000, 0x00000000def00000, 0x0000000100000000)
  eden space 96768K, 0% used [0x00000000d5580000,0x00000000d5580000,0x00000000db400000)
  from space 12288K, 62% used [0x00000000db400000,0x00000000dbb80ab8,0x00000000dc000000)
  to   space 12288K, 0% used [0x00000000de300000,0x00000000de300000,0x00000000def00000)
 ParOldGen       total 67072K, used 15634K [0x0000000080000000, 0x0000000084180000, 0x00000000d5580000)
  object space 67072K, 23% used [0x0000000080000000,0x0000000080f44968,0x0000000084180000)
 Metaspace       used 37280K, capacity 38866K, committed 39080K, reserved 1083392K
  class space    used 5132K, capacity 5473K, committed 5552K, reserved 1048576K
}
Event: 14.252 GC heap before
{Heap before GC invocations=14 (full 2):
 PSYoungGen      total 109056K, used 104450K [0x00000000d5580000, 0x00000000def00000, 0x0000000100000000)
  eden space 96768K, 100% used [0x00000000d5580000,0x00000000db400000,0x00000000db400000)
  from space 12288K, 62% used [0x00000000db400000,0x00000000dbb80ab8,0x00000000dc000000)
  to   space 12288K, 0% used [0x00000000de300000,0x00000000de300000,0x00000000def00000)
 ParOldGen       total 67072K, used 15634K [0x0000000080000000, 0x0000000084180000, 0x00000000d5580000)
  object space 67072K, 23% used [0x0000000080000000,0x0000000080f44968,0x0000000084180000)
 Metaspace       used 47447K, capacity 49278K, committed 49576K, reserved 1091584K
  class space    used 6399K, capacity 6787K, committed 6832K, reserved 1048576K
Event: 14.279 GC heap after
Heap after GC invocations=14 (full 2):
 PSYoungGen      total 141312K, used 12270K [0x00000000d5580000, 0x00000000df300000, 0x0000000100000000)
  eden space 129024K, 0% used [0x00000000d5580000,0x00000000d5580000,0x00000000dd380000)
  from space 12288K, 99% used [0x00000000de300000,0x00000000deefbab0,0x00000000def00000)
  to   space 15872K, 0% used [0x00000000dd380000,0x00000000dd380000,0x00000000de300000)
 ParOldGen       total 67072K, used 21110K [0x0000000080000000, 0x0000000084180000, 0x00000000d5580000)
  object space 67072K, 31% used [0x0000000080000000,0x000000008149d840,0x0000000084180000)
 Metaspace       used 47447K, capacity 49278K, committed 49576K, reserved 1091584K
  class space    used 6399K, capacity 6787K, committed 6832K, reserved 1048576K
}
Event: 17.035 GC heap before
{Heap before GC invocations=15 (full 2):
 PSYoungGen      total 141312K, used 141294K [0x00000000d5580000, 0x00000000df300000, 0x0000000100000000)
  eden space 129024K, 100% used [0x00000000d5580000,0x00000000dd380000,0x00000000dd380000)
  from space 12288K, 99% used [0x00000000de300000,0x00000000deefbab0,0x00000000def00000)
  to   space 15872K, 0% used [0x00000000dd380000,0x00000000dd380000,0x00000000de300000)
 ParOldGen       total 67072K, used 21110K [0x0000000080000000, 0x0000000084180000, 0x00000000d5580000)
  object space 67072K, 31% used [0x0000000080000000,0x000000008149d840,0x0000000084180000)
 Metaspace       used 56215K, capacity 58494K, committed 58664K, reserved 1099776K
  class space    used 7670K, capacity 8167K, committed 8240K, reserved 1048576K
Event: 17.116 GC heap after
Heap after GC invocations=15 (full 2):
 PSYoungGen      total 144896K, used 14920K [0x00000000d5580000, 0x00000000e2080000, 0x0000000100000000)
  eden space 129024K, 0% used [0x00000000d5580000,0x00000000d5580000,0x00000000dd380000)
  from space 15872K, 94% used [0x00000000dd380000,0x00000000de212110,0x00000000de300000)
  to   space 17920K, 0% used [0x00000000e0f00000,0x00000000e0f00000,0x00000000e2080000)
 ParOldGen       total 67072K, used 26944K [0x0000000080000000, 0x0000000084180000, 0x00000000d5580000)
  object space 67072K, 40% used [0x0000000080000000,0x0000000081a50220,0x0000000084180000)
 Metaspace       used 56215K, capacity 58494K, committed 58664K, reserved 1099776K
  class space    used 7670K, capacity 8167K, committed 8240K, reserved 1048576K
}
Event: 17.483 GC heap before
{Heap before GC invocations=16 (full 2):
 PSYoungGen      total 144896K, used 33854K [0x00000000d5580000, 0x00000000e2080000, 0x0000000100000000)
  eden space 129024K, 14% used [0x00000000d5580000,0x00000000d67fd7c0,0x00000000dd380000)
  from space 15872K, 94% used [0x00000000dd380000,0x00000000de212110,0x00000000de300000)
  to   space 17920K, 0% used [0x00000000e0f00000,0x00000000e0f00000,0x00000000e2080000)
 ParOldGen       total 67072K, used 26944K [0x0000000080000000, 0x0000000084180000, 0x00000000d5580000)
  object space 67072K, 40% used [0x0000000080000000,0x0000000081a50220,0x0000000084180000)
 Metaspace       used 56826K, capacity 59108K, committed 59160K, reserved 1099776K
  class space    used 7767K, capacity 8228K, committed 8240K, reserved 1048576K
Event: 17.507 GC heap after
Heap after GC invocations=16 (full 2):
 PSYoungGen      total 189952K, used 1664K [0x00000000d5580000, 0x00000000e2480000, 0x0000000100000000)
  eden space 172032K, 0% used [0x00000000d5580000,0x00000000d5580000,0x00000000dfd80000)
  from space 17920K, 9% used [0x00000000e0f00000,0x00000000e10a0000,0x00000000e2080000)
  to   space 17920K, 0% used [0x00000000dfd80000,0x00000000dfd80000,0x00000000e0f00000)
 ParOldGen       total 67072K, used 35404K [0x0000000080000000, 0x0000000084180000, 0x00000000d5580000)
  object space 67072K, 52% used [0x0000000080000000,0x00000000822933e0,0x0000000084180000)
 Metaspace       used 56826K, capacity 59108K, committed 59160K, reserved 1099776K
  class space    used 7767K, capacity 8228K, committed 8240K, reserved 1048576K
}
Event: 17.507 GC heap before
{Heap before GC invocations=17 (full 3):
 PSYoungGen      total 189952K, used 1664K [0x00000000d5580000, 0x00000000e2480000, 0x0000000100000000)
  eden space 172032K, 0% used [0x00000000d5580000,0x00000000d5580000,0x00000000dfd80000)
  from space 17920K, 9% used [0x00000000e0f00000,0x00000000e10a0000,0x00000000e2080000)
  to   space 17920K, 0% used [0x00000000dfd80000,0x00000000dfd80000,0x00000000e0f00000)
 ParOldGen       total 67072K, used 35404K [0x0000000080000000, 0x0000000084180000, 0x00000000d5580000)
  object space 67072K, 52% used [0x0000000080000000,0x00000000822933e0,0x0000000084180000)
 Metaspace       used 56826K, capacity 59108K, committed 59160K, reserved 1099776K
  class space    used 7767K, capacity 8228K, committed 8240K, reserved 1048576K
Event: 17.871 GC heap after
Heap after GC invocations=17 (full 3):
 PSYoungGen      total 189952K, used 0K [0x00000000d5580000, 0x00000000e2480000, 0x0000000100000000)
  eden space 172032K, 0% used [0x00000000d5580000,0x00000000d5580000,0x00000000dfd80000)
  from space 17920K, 0% used [0x00000000e0f00000,0x00000000e0f00000,0x00000000e2080000)
  to   space 17920K, 0% used [0x00000000dfd80000,0x00000000dfd80000,0x00000000e0f00000)
 ParOldGen       total 67072K, used 32970K [0x0000000080000000, 0x0000000084180000, 0x00000000d5580000)
  object space 67072K, 49% used [0x0000000080000000,0x0000000082032998,0x0000000084180000)
 Metaspace       used 56811K, capacity 59060K, committed 59160K, reserved 1099776K
  class space    used 7763K, capacity 8220K, committed 8240K, reserved 1048576K
}

