# JRE version: OpenJDK Runtime Environment (8.0_242-b01) (build 1.8.0_242-release-1644-b01)
# Java VM: OpenJDK 64-Bit Server VM (25.242-b01 mixed mode windows-amd64 compressed oops)
Heap:
 PSYoungGen      total 148992K, used 129752K [0x00000000d5580000, 0x00000000e3c80000, 0x0000000100000000)
  eden space 136704K, 85% used [0x00000000d5580000,0x00000000dc83ddf0,0x00000000ddb00000)
  from space 12288K, 99% used [0x00000000ddb00000,0x00000000de6f83f0,0x00000000de700000)
  to   space 17408K, 0% used [0x00000000e2b80000,0x00000000e2b80000,0x00000000e3c80000)
 ParOldGen       total 59904K, used 22610K [0x0000000080000000, 0x0000000083a80000, 0x00000000d5580000)
  object space 59904K, 37% used [0x0000000080000000,0x0000000081614b18,0x0000000083a80000)
 Metaspace       used 56717K, capacity 58958K, committed 59160K, reserved 1099776K
  class space    used 7742K, capacity 8225K, committed 8240K, reserved 1048576K
GC Heap History (10 events):
Event: 52.157 GC heap before
{Heap before GC invocations=11 (full 1):
 PSYoungGen      total 71680K, used 69933K [0x00000000d5580000, 0x00000000dc700000, 0x0000000100000000)
  eden space 60928K, 100% used [0x00000000d5580000,0x00000000d9100000,0x00000000d9100000)
  from space 10752K, 83% used [0x00000000d9100000,0x00000000d99cb450,0x00000000d9b80000)
  to   space 11776K, 0% used [0x00000000dbb80000,0x00000000dbb80000,0x00000000dc700000)
 ParOldGen       total 47104K, used 6646K [0x0000000080000000, 0x0000000082e00000, 0x00000000d5580000)
  object space 47104K, 14% used [0x0000000080000000,0x000000008067d9f8,0x0000000082e00000)
 Metaspace       used 34255K, capacity 35404K, committed 35496K, reserved 1079296K
  class space    used 4706K, capacity 5001K, committed 5040K, reserved 1048576K
Event: 52.169 GC heap after
Heap after GC invocations=11 (full 1):
 PSYoungGen      total 102400K, used 8658K [0x00000000d5580000, 0x00000000dc680000, 0x0000000100000000)
  eden space 91136K, 0% used [0x00000000d5580000,0x00000000d5580000,0x00000000dae80000)
  from space 11264K, 76% used [0x00000000dbb80000,0x00000000dc3f4ae0,0x00000000dc680000)
  to   space 12288K, 0% used [0x00000000dae80000,0x00000000dae80000,0x00000000dba80000)
 ParOldGen       total 47104K, used 7426K [0x0000000080000000, 0x0000000082e00000, 0x00000000d5580000)
  object space 47104K, 15% used [0x0000000080000000,0x0000000080740848,0x0000000082e00000)
 Metaspace       used 34255K, capacity 35404K, committed 35496K, reserved 1079296K
  class space    used 4706K, capacity 5001K, committed 5040K, reserved 1048576K
}
Event: 52.368 GC heap before
{Heap before GC invocations=12 (full 1):
 PSYoungGen      total 102400K, used 10442K [0x00000000d5580000, 0x00000000dc680000, 0x0000000100000000)
  eden space 91136K, 1% used [0x00000000d5580000,0x00000000d573ded8,0x00000000dae80000)
  from space 11264K, 76% used [0x00000000dbb80000,0x00000000dc3f4ae0,0x00000000dc680000)
  to   space 12288K, 0% used [0x00000000dae80000,0x00000000dae80000,0x00000000dba80000)
 ParOldGen       total 47104K, used 7426K [0x0000000080000000, 0x0000000082e00000, 0x00000000d5580000)
  object space 47104K, 15% used [0x0000000080000000,0x0000000080740848,0x0000000082e00000)
 Metaspace       used 34296K, capacity 35404K, committed 35496K, reserved 1079296K
  class space    used 4711K, capacity 5001K, committed 5040K, reserved 1048576K
Event: 52.376 GC heap after
Heap after GC invocations=12 (full 1):
 PSYoungGen      total 103424K, used 192K [0x00000000d5580000, 0x00000000df600000, 0x0000000100000000)
  eden space 91136K, 0% used [0x00000000d5580000,0x00000000d5580000,0x00000000dae80000)
  from space 12288K, 1% used [0x00000000dae80000,0x00000000daeb0000,0x00000000dba80000)
  to   space 12800K, 0% used [0x00000000de980000,0x00000000de980000,0x00000000df600000)
 ParOldGen       total 47104K, used 13345K [0x0000000080000000, 0x0000000082e00000, 0x00000000d5580000)
  object space 47104K, 28% used [0x0000000080000000,0x0000000080d08768,0x0000000082e00000)
 Metaspace       used 34296K, capacity 35404K, committed 35496K, reserved 1079296K
  class space    used 4711K, capacity 5001K, committed 5040K, reserved 1048576K
}
Event: 52.376 GC heap before
{Heap before GC invocations=13 (full 2):
 PSYoungGen      total 103424K, used 192K [0x00000000d5580000, 0x00000000df600000, 0x0000000100000000)
  eden space 91136K, 0% used [0x00000000d5580000,0x00000000d5580000,0x00000000dae80000)
  from space 12288K, 1% used [0x00000000dae80000,0x00000000daeb0000,0x00000000dba80000)
  to   space 12800K, 0% used [0x00000000de980000,0x00000000de980000,0x00000000df600000)
 ParOldGen       total 47104K, used 13345K [0x0000000080000000, 0x0000000082e00000, 0x00000000d5580000)
  object space 47104K, 28% used [0x0000000080000000,0x0000000080d08768,0x0000000082e00000)
 Metaspace       used 34296K, capacity 35404K, committed 35496K, reserved 1079296K
  class space    used 4711K, capacity 5001K, committed 5040K, reserved 1048576K
Event: 52.508 GC heap after
Heap after GC invocations=13 (full 2):
 PSYoungGen      total 103424K, used 0K [0x00000000d5580000, 0x00000000df600000, 0x0000000100000000)
  eden space 91136K, 0% used [0x00000000d5580000,0x00000000d5580000,0x00000000dae80000)
  from space 12288K, 0% used [0x00000000dae80000,0x00000000dae80000,0x00000000dba80000)
  to   space 12800K, 0% used [0x00000000de980000,0x00000000de980000,0x00000000df600000)
 ParOldGen       total 59904K, used 13224K [0x0000000080000000, 0x0000000083a80000, 0x00000000d5580000)
  object space 59904K, 22% used [0x0000000080000000,0x0000000080cea288,0x0000000083a80000)
 Metaspace       used 34296K, capacity 35404K, committed 35496K, reserved 1079296K
  class space    used 4711K, capacity 5001K, committed 5040K, reserved 1048576K
}
Event: 69.317 GC heap before
{Heap before GC invocations=14 (full 2):
 PSYoungGen      total 103424K, used 91136K [0x00000000d5580000, 0x00000000df600000, 0x0000000100000000)
  eden space 91136K, 100% used [0x00000000d5580000,0x00000000dae80000,0x00000000dae80000)
  from space 12288K, 0% used [0x00000000dae80000,0x00000000dae80000,0x00000000dba80000)
  to   space 12800K, 0% used [0x00000000de980000,0x00000000de980000,0x00000000df600000)
 ParOldGen       total 59904K, used 13224K [0x0000000080000000, 0x0000000083a80000, 0x00000000d5580000)
  object space 59904K, 22% used [0x0000000080000000,0x0000000080cea288,0x0000000083a80000)
 Metaspace       used 36843K, capacity 38374K, committed 38440K, reserved 1083392K
  class space    used 5056K, capacity 5366K, committed 5424K, reserved 1048576K
Event: 69.335 GC heap after
Heap after GC invocations=14 (full 2):
 PSYoungGen      total 146432K, used 6771K [0x00000000d5580000, 0x00000000df300000, 0x0000000100000000)
  eden space 136704K, 0% used [0x00000000d5580000,0x00000000d5580000,0x00000000ddb00000)
  from space 9728K, 69% used [0x00000000de980000,0x00000000df01cdd8,0x00000000df300000)
  to   space 12288K, 0% used [0x00000000ddb00000,0x00000000ddb00000,0x00000000de700000)
 ParOldGen       total 59904K, used 13232K [0x0000000080000000, 0x0000000083a80000, 0x00000000d5580000)
  object space 59904K, 22% used [0x0000000080000000,0x0000000080cec288,0x0000000083a80000)
 Metaspace       used 36843K, capacity 38374K, committed 38440K, reserved 1083392K
  class space    used 5056K, capacity 5366K, committed 5424K, reserved 1048576K
}
Event: 119.066 GC heap before
{Heap before GC invocations=15 (full 2):
 PSYoungGen      total 146432K, used 143475K [0x00000000d5580000, 0x00000000df300000, 0x0000000100000000)
  eden space 136704K, 100% used [0x00000000d5580000,0x00000000ddb00000,0x00000000ddb00000)
  from space 9728K, 69% used [0x00000000de980000,0x00000000df01cdd8,0x00000000df300000)
  to   space 12288K, 0% used [0x00000000ddb00000,0x00000000ddb00000,0x00000000de700000)
 ParOldGen       total 59904K, used 13232K [0x0000000080000000, 0x0000000083a80000, 0x00000000d5580000)
  object space 59904K, 22% used [0x0000000080000000,0x0000000080cec288,0x0000000083a80000)
 Metaspace       used 50761K, capacity 52694K, committed 53032K, reserved 1095680K
  class space    used 6771K, capacity 7170K, committed 7216K, reserved 1048576K
Event: 119.107 GC heap after
Heap after GC invocations=15 (full 2):
 PSYoungGen      total 148992K, used 12256K [0x00000000d5580000, 0x00000000e3c80000, 0x0000000100000000)
  eden space 136704K, 0% used [0x00000000d5580000,0x00000000d5580000,0x00000000ddb00000)
  from space 12288K, 99% used [0x00000000ddb00000,0x00000000de6f83f0,0x00000000de700000)
  to   space 17408K, 0% used [0x00000000e2b80000,0x00000000e2b80000,0x00000000e3c80000)
 ParOldGen       total 59904K, used 22610K [0x0000000080000000, 0x0000000083a80000, 0x00000000d5580000)
  object space 59904K, 37% used [0x0000000080000000,0x0000000081614b18,0x0000000083a80000)
 Metaspace       used 50761K, capacity 52694K, committed 53032K, reserved 1095680K
  class space    used 6771K, capacity 7170K, committed 7216K, reserved 1048576K
}

