# JRE version: OpenJDK Runtime Environment (8.0_242-b01) (build 1.8.0_242-release-1644-b01)
# Java VM: OpenJDK 64-Bit Server VM (25.242-b01 mixed mode windows-amd64 compressed oops)
Heap:
 PSYoungGen      total 94208K, used 62915K [0x00000000d5580000, 0x00000000dc780000, 0x0000000100000000)
  eden space 74240K, 84% used [0x00000000d5580000,0x00000000d92f0ec8,0x00000000d9e00000)
  from space 19968K, 0% used [0x00000000db180000,0x00000000db180000,0x00000000dc500000)
  to   space 19968K, 0% used [0x00000000d9e00000,0x00000000d9e00000,0x00000000db180000)
 ParOldGen       total 133632K, used 33522K [0x0000000080000000, 0x0000000088280000, 0x00000000d5580000)
  object space 133632K, 25% used [0x0000000080000000,0x00000000820bca20,0x0000000088280000)
 Metaspace       used 60498K, capacity 62968K, committed 63192K, reserved 1103872K
  class space    used 8389K, capacity 8884K, committed 8960K, reserved 1048576K
GC Heap History (10 events):
Event: 45.440 GC heap before
{Heap before GC invocations=17 (full 2):
 PSYoungGen      total 60416K, used 58689K [0x00000000d5580000, 0x00000000d9e00000, 0x0000000100000000)
  eden space 49664K, 100% used [0x00000000d5580000,0x00000000d8600000,0x00000000d8600000)
  from space 10752K, 83% used [0x00000000d9100000,0x00000000d99d05d8,0x00000000d9b80000)
  to   space 11264K, 0% used [0x00000000d8600000,0x00000000d8600000,0x00000000d9100000)
 ParOldGen       total 92160K, used 14570K [0x0000000080000000, 0x0000000085a00000, 0x00000000d5580000)
  object space 92160K, 15% used [0x0000000080000000,0x0000000080e3a978,0x0000000085a00000)
 Metaspace       used 45723K, capacity 47482K, committed 47832K, reserved 1091584K
  class space    used 6177K, capacity 6535K, committed 6656K, reserved 1048576K
Event: 45.455 GC heap after
Heap after GC invocations=17 (full 2):
 PSYoungGen      total 60928K, used 11240K [0x00000000d5580000, 0x00000000dad80000, 0x0000000100000000)
  eden space 49664K, 0% used [0x00000000d5580000,0x00000000d5580000,0x00000000d8600000)
  from space 11264K, 99% used [0x00000000d8600000,0x00000000d90fa280,0x00000000d9100000)
  to   space 13312K, 0% used [0x00000000da080000,0x00000000da080000,0x00000000dad80000)
 ParOldGen       total 92160K, used 15925K [0x0000000080000000, 0x0000000085a00000, 0x00000000d5580000)
  object space 92160K, 17% used [0x0000000080000000,0x0000000080f8d568,0x0000000085a00000)
 Metaspace       used 45723K, capacity 47482K, committed 47832K, reserved 1091584K
  class space    used 6177K, capacity 6535K, committed 6656K, reserved 1048576K
}
Event: 47.686 GC heap before
{Heap before GC invocations=18 (full 2):
 PSYoungGen      total 60928K, used 60904K [0x00000000d5580000, 0x00000000dad80000, 0x0000000100000000)
  eden space 49664K, 100% used [0x00000000d5580000,0x00000000d8600000,0x00000000d8600000)
  from space 11264K, 99% used [0x00000000d8600000,0x00000000d90fa280,0x00000000d9100000)
  to   space 13312K, 0% used [0x00000000da080000,0x00000000da080000,0x00000000dad80000)
 ParOldGen       total 92160K, used 15925K [0x0000000080000000, 0x0000000085a00000, 0x00000000d5580000)
  object space 92160K, 17% used [0x0000000080000000,0x0000000080f8d568,0x0000000085a00000)
 Metaspace       used 50728K, capacity 52622K, committed 52952K, reserved 1095680K
  class space    used 6772K, capacity 7133K, committed 7168K, reserved 1048576K
Event: 47.706 GC heap after
Heap after GC invocations=18 (full 2):
 PSYoungGen      total 74240K, used 13281K [0x00000000d5580000, 0x00000000db400000, 0x0000000100000000)
  eden space 60928K, 0% used [0x00000000d5580000,0x00000000d5580000,0x00000000d9100000)
  from space 13312K, 99% used [0x00000000da080000,0x00000000dad78518,0x00000000dad80000)
  to   space 15872K, 0% used [0x00000000d9100000,0x00000000d9100000,0x00000000da080000)
 ParOldGen       total 92160K, used 18331K [0x0000000080000000, 0x0000000085a00000, 0x00000000d5580000)
  object space 92160K, 19% used [0x0000000080000000,0x00000000811e6e78,0x0000000085a00000)
 Metaspace       used 50728K, capacity 52622K, committed 52952K, reserved 1095680K
  class space    used 6772K, capacity 7133K, committed 7168K, reserved 1048576K
}
Event: 50.140 GC heap before
{Heap before GC invocations=19 (full 2):
 PSYoungGen      total 74240K, used 74209K [0x00000000d5580000, 0x00000000db400000, 0x0000000100000000)
  eden space 60928K, 100% used [0x00000000d5580000,0x00000000d9100000,0x00000000d9100000)
  from space 13312K, 99% used [0x00000000da080000,0x00000000dad78518,0x00000000dad80000)
  to   space 15872K, 0% used [0x00000000d9100000,0x00000000d9100000,0x00000000da080000)
 ParOldGen       total 92160K, used 18331K [0x0000000080000000, 0x0000000085a00000, 0x00000000d5580000)
  object space 92160K, 19% used [0x0000000080000000,0x00000000811e6e78,0x0000000085a00000)
 Metaspace       used 54736K, capacity 56912K, committed 57048K, reserved 1097728K
  class space    used 7462K, capacity 7919K, committed 7936K, reserved 1048576K
Event: 50.161 GC heap after
Heap after GC invocations=19 (full 2):
 PSYoungGen      total 76800K, used 15842K [0x00000000d5580000, 0x00000000dc500000, 0x0000000100000000)
  eden space 60928K, 0% used [0x00000000d5580000,0x00000000d5580000,0x00000000d9100000)
  from space 15872K, 99% used [0x00000000d9100000,0x00000000da078860,0x00000000da080000)
  to   space 19968K, 0% used [0x00000000db180000,0x00000000db180000,0x00000000dc500000)
 ParOldGen       total 92160K, used 22625K [0x0000000080000000, 0x0000000085a00000, 0x00000000d5580000)
  object space 92160K, 24% used [0x0000000080000000,0x0000000081618698,0x0000000085a00000)
 Metaspace       used 54736K, capacity 56912K, committed 57048K, reserved 1097728K
  class space    used 7462K, capacity 7919K, committed 7936K, reserved 1048576K
}
Event: 51.395 GC heap before
{Heap before GC invocations=20 (full 2):
 PSYoungGen      total 76800K, used 66685K [0x00000000d5580000, 0x00000000dc500000, 0x0000000100000000)
  eden space 60928K, 83% used [0x00000000d5580000,0x00000000d8726f88,0x00000000d9100000)
  from space 15872K, 99% used [0x00000000d9100000,0x00000000da078860,0x00000000da080000)
  to   space 19968K, 0% used [0x00000000db180000,0x00000000db180000,0x00000000dc500000)
 ParOldGen       total 92160K, used 22625K [0x0000000080000000, 0x0000000085a00000, 0x00000000d5580000)
  object space 92160K, 24% used [0x0000000080000000,0x0000000081618698,0x0000000085a00000)
 Metaspace       used 56500K, capacity 58808K, committed 58968K, reserved 1099776K
  class space    used 7720K, capacity 8210K, committed 8320K, reserved 1048576K
Event: 51.423 GC heap after
Heap after GC invocations=20 (full 2):
 PSYoungGen      total 94208K, used 11945K [0x00000000d5580000, 0x00000000dc780000, 0x0000000100000000)
  eden space 74240K, 0% used [0x00000000d5580000,0x00000000d5580000,0x00000000d9e00000)
  from space 19968K, 59% used [0x00000000db180000,0x00000000dbd2a7f8,0x00000000dc500000)
  to   space 19968K, 0% used [0x00000000d9e00000,0x00000000d9e00000,0x00000000db180000)
 ParOldGen       total 92160K, used 27917K [0x0000000080000000, 0x0000000085a00000, 0x00000000d5580000)
  object space 92160K, 30% used [0x0000000080000000,0x0000000081b434e8,0x0000000085a00000)
 Metaspace       used 56500K, capacity 58808K, committed 58968K, reserved 1099776K
  class space    used 7720K, capacity 8210K, committed 8320K, reserved 1048576K
}
Event: 51.423 GC heap before
{Heap before GC invocations=21 (full 3):
 PSYoungGen      total 94208K, used 11945K [0x00000000d5580000, 0x00000000dc780000, 0x0000000100000000)
  eden space 74240K, 0% used [0x00000000d5580000,0x00000000d5580000,0x00000000d9e00000)
  from space 19968K, 59% used [0x00000000db180000,0x00000000dbd2a7f8,0x00000000dc500000)
  to   space 19968K, 0% used [0x00000000d9e00000,0x00000000d9e00000,0x00000000db180000)
 ParOldGen       total 92160K, used 27917K [0x0000000080000000, 0x0000000085a00000, 0x00000000d5580000)
  object space 92160K, 30% used [0x0000000080000000,0x0000000081b434e8,0x0000000085a00000)
 Metaspace       used 56500K, capacity 58808K, committed 58968K, reserved 1099776K
  class space    used 7720K, capacity 8210K, committed 8320K, reserved 1048576K
Event: 51.714 GC heap after
Heap after GC invocations=21 (full 3):
 PSYoungGen      total 94208K, used 0K [0x00000000d5580000, 0x00000000dc780000, 0x0000000100000000)
  eden space 74240K, 0% used [0x00000000d5580000,0x00000000d5580000,0x00000000d9e00000)
  from space 19968K, 0% used [0x00000000db180000,0x00000000db180000,0x00000000dc500000)
  to   space 19968K, 0% used [0x00000000d9e00000,0x00000000d9e00000,0x00000000db180000)
 ParOldGen       total 133632K, used 33522K [0x0000000080000000, 0x0000000088280000, 0x00000000d5580000)
  object space 133632K, 25% used [0x0000000080000000,0x00000000820bca20,0x0000000088280000)
 Metaspace       used 56500K, capacity 58808K, committed 58968K, reserved 1099776K
  class space    used 7720K, capacity 8210K, committed 8320K, reserved 1048576K
}

